2025-04-02 18:16:09,342 - INFO - SlardarX：入座1路
2025-04-02 18:16:11,763 - INFO - SlardarX：a1
2025-04-02 18:16:17,352 - INFO - SlardarX：a2
2025-04-02 18:28:57,846 - INFO - SlardarX：入座1路
2025-04-02 18:29:00,937 - INFO - SlardarX：a1
2025-04-02 18:29:13,367 - INFO - SlardarX：a10
2025-04-02 18:29:19,416 - INFO - SlardarX：a,10
2025-04-02 18:29:23,156 - INFO - SlardarX：a,1
2025-04-02 18:29:28,558 - INFO - SlardarX：a，1
2025-04-02 18:29:35,268 - INFO - SlardarX：a，11
2025-04-02 18:31:01,682 - INFO - SlardarX：入座1路
2025-04-02 18:32:14,963 - INFO - SlardarX：a10
2025-04-02 18:34:38,844 - INFO - SlardarX：h10
2025-04-02 20:41:31,516 - INFO - MicroDick：入座1路
2025-04-02 20:41:37,385 - INFO - MicroDick：a1
2025-04-02 20:59:45,332 - INFO - 用户：SlardarX 进入房间
2025-04-02 20:59:50,561 - INFO - 用户：MicroDick 进入房间
2025-04-02 20:59:52,264 - INFO - SlardarX：入座4路
2025-04-02 20:59:56,914 - INFO - SlardarX：a31
2025-04-02 21:00:01,483 - INFO - SlardarX：a32
2025-04-02 21:00:08,802 - INFO - MicroDick：入座5路
2025-04-02 21:00:11,573 - INFO - SlardarX：a31
2025-04-02 21:00:13,565 - INFO - MicroDick：a41
2025-04-02 21:00:17,453 - INFO - SlardarX：入座1路
2025-04-02 21:00:27,782 - INFO - SlardarX：a32
2025-04-02 21:00:33,463 - INFO - SlardarX：a33
2025-04-02 21:00:45,411 - INFO - MicroDick：a41
2025-04-02 21:00:54,642 - INFO - MicroDick：b42
2025-04-02 21:01:03,330 - INFO - MicroDick：a43
2025-04-02 21:01:03,331 - INFO - SlardarX：冲冲冲
2025-04-02 21:01:04,252 - ERROR - Traceback (most recent call last):
  File "f:\PVZ_stream\PVZRH_BLIVE\receive_msg.py", line 188, in start
    send_danmu("触发普通僵尸")
  File "f:\PVZ_stream\PVZRH_BLIVE\send_msg.py", line 20, in send_danmu
    'roomid': config.roomid,
AttributeError: module 'config' has no attribute 'roomid'

2025-04-02 21:01:04,257 - ERROR - start_error: module 'config' has no attribute 'roomid'
2025-04-02 21:01:12,529 - INFO - SlardarX：冲冲冲
2025-04-02 21:01:12,531 - ERROR - Traceback (most recent call last):
  File "f:\PVZ_stream\PVZRH_BLIVE\receive_msg.py", line 188, in start
    send_danmu("触发普通僵尸")
  File "f:\PVZ_stream\PVZRH_BLIVE\send_msg.py", line 20, in send_danmu
    'roomid': config.roomid,
AttributeError: module 'config' has no attribute 'roomid'

2025-04-02 21:01:12,534 - ERROR - start_error: module 'config' has no attribute 'roomid'
2025-04-02 21:01:18,621 - INFO - MicroDick：查询
2025-04-02 21:01:18,632 - ERROR - Traceback (most recent call last):
  File "f:\PVZ_stream\PVZRH_BLIVE\receive_msg.py", line 177, in start
    send_danmu(f"@{usr} 剩余阳光:{remain_sun}")
  File "f:\PVZ_stream\PVZRH_BLIVE\send_msg.py", line 20, in send_danmu
    'roomid': config.roomid,
AttributeError: module 'config' has no attribute 'roomid'

2025-04-02 21:01:18,634 - ERROR - start_error: module 'config' has no attribute 'roomid'
2025-04-02 21:01:20,390 - INFO - SlardarX：冲冲冲
2025-04-02 21:01:20,395 - ERROR - Traceback (most recent call last):
  File "f:\PVZ_stream\PVZRH_BLIVE\receive_msg.py", line 188, in start
    send_danmu("触发普通僵尸")
  File "f:\PVZ_stream\PVZRH_BLIVE\send_msg.py", line 20, in send_danmu
    'roomid': config.roomid,
AttributeError: module 'config' has no attribute 'roomid'

2025-04-02 21:01:20,396 - ERROR - start_error: module 'config' has no attribute 'roomid'
2025-04-02 21:01:28,377 - INFO - SlardarX：a23
2025-04-02 21:01:39,421 - INFO - SlardarX：a33
2025-04-02 21:01:39,545 - INFO - MicroDick：a44
2025-04-02 21:02:34,195 - INFO - SlardarX：入座3路
2025-04-02 21:04:22,323 - INFO - MicroDick：入座2路
2025-04-02 21:04:24,552 - INFO - SlardarX：入座4路
2025-04-02 21:04:34,135 - INFO - MicroDick：签到
2025-04-02 21:04:34,281 - ERROR - Traceback (most recent call last):
  File "f:\PVZ_stream\PVZRH_BLIVE\receive_msg.py", line 182, in start
    send_danmu(f"{usr}\n成功签到！获取1000阳光")
  File "f:\PVZ_stream\PVZRH_BLIVE\send_msg.py", line 20, in send_danmu
    'roomid': config.roomid,
AttributeError: module 'config' has no attribute 'roomid'

2025-04-02 21:04:34,282 - ERROR - start_error: module 'config' has no attribute 'roomid'
2025-04-02 21:04:42,677 - INFO - MicroDick：签到
2025-04-02 21:04:42,697 - ERROR - Traceback (most recent call last):
  File "f:\PVZ_stream\PVZRH_BLIVE\receive_msg.py", line 185, in start
    send_danmu(f"{usr}\n你今天已经签到过了嗷！")
  File "f:\PVZ_stream\PVZRH_BLIVE\send_msg.py", line 20, in send_danmu
    'roomid': config.roomid,
AttributeError: module 'config' has no attribute 'roomid'

2025-04-02 21:04:42,698 - ERROR - start_error: module 'config' has no attribute 'roomid'
2025-04-02 21:04:45,115 - INFO - SlardarX：f40
2025-04-02 21:04:54,566 - INFO - SlardarX：签到
2025-04-02 21:04:54,706 - ERROR - Traceback (most recent call last):
  File "f:\PVZ_stream\PVZRH_BLIVE\receive_msg.py", line 182, in start
    send_danmu(f"{usr}\n成功签到！获取1000阳光")
  File "f:\PVZ_stream\PVZRH_BLIVE\send_msg.py", line 20, in send_danmu
    'roomid': config.roomid,
AttributeError: module 'config' has no attribute 'roomid'

2025-04-02 21:04:54,707 - ERROR - start_error: module 'config' has no attribute 'roomid'
2025-04-02 21:04:55,112 - INFO - MicroDick：e16
2025-04-02 21:05:03,236 - INFO - SlardarX：f36
2025-04-02 21:05:06,899 - INFO - MicroDick：d16
2025-04-02 21:05:17,036 - INFO - MicroDick：e16
2025-04-02 21:05:27,461 - INFO - MicroDick：e15
2025-04-02 21:05:32,024 - INFO - SlardarX：f36
2025-04-02 21:05:41,916 - INFO - MicroDick：f16
2025-04-02 21:05:45,806 - INFO - SlardarX：f36
2025-04-02 21:05:59,910 - INFO - MicroDick：f16
2025-04-02 21:06:00,017 - INFO - SlardarX：f36
2025-04-02 21:06:05,144 - INFO - MicroDick：f16
2025-04-02 21:06:22,887 - INFO - SlardarX：离座
2025-04-02 21:06:30,055 - INFO - SlardarX：入座5路
2025-04-02 21:06:36,595 - INFO - SlardarX：f300
2025-04-02 21:06:37,983 - INFO - MicroDick：离座
2025-04-02 21:06:44,005 - INFO - SlardarX：f46
2025-04-02 21:06:46,788 - INFO - MicroDick：入座3路
2025-04-02 21:06:48,456 - INFO - SlardarX：f46
2025-04-02 21:07:00,627 - INFO - SlardarX：冲冲冲
2025-04-02 21:07:00,633 - ERROR - Traceback (most recent call last):
  File "f:\PVZ_stream\PVZRH_BLIVE\receive_msg.py", line 188, in start
    send_danmu("触发普通僵尸")
  File "f:\PVZ_stream\PVZRH_BLIVE\send_msg.py", line 20, in send_danmu
    'roomid': config.roomid,
AttributeError: module 'config' has no attribute 'roomid'

2025-04-02 21:07:00,634 - ERROR - start_error: module 'config' has no attribute 'roomid'
2025-04-02 21:07:09,767 - INFO - MicroDick：f26
2025-04-02 21:07:14,752 - INFO - MicroDick：f26
2025-04-02 21:07:34,180 - INFO - SlardarX：f44
2025-04-02 21:07:40,737 - INFO - SlardarX：f45
2025-04-02 21:07:53,672 - INFO - SlardarX：f43
2025-04-02 21:07:59,846 - INFO - MicroDick：离座
2025-04-02 21:08:09,260 - INFO - SlardarX：f41
2025-04-02 21:08:09,709 - INFO - MicroDick：入座1路
2025-04-02 21:08:31,659 - INFO - SlardarX：离座
2025-04-02 21:09:18,206 - INFO - SlardarX：入座3路
2025-04-02 21:09:31,552 - INFO - MicroDick：f300
2025-04-02 21:09:36,529 - INFO - SlardarX：e26
2025-04-02 21:09:38,421 - INFO - MicroDick：f6
2025-04-02 21:09:47,871 - INFO - MicroDick：f6
2025-04-02 21:09:53,671 - INFO - MicroDick：h6
2025-04-02 21:10:12,234 - ERROR - Traceback (most recent call last):
  File "f:\PVZ_stream\PVZRH_BLIVE\receive_msg.py", line 98, in check_win
    send_danmu(f"{win_road_num}路获得最终胜利！")
  File "f:\PVZ_stream\PVZRH_BLIVE\send_msg.py", line 20, in send_danmu
    'roomid': config.roomid,
AttributeError: module 'config' has no attribute 'roomid'

2025-04-02 21:10:12,235 - ERROR - check_error:module 'config' has no attribute 'roomid'
2025-04-02 21:10:21,700 - INFO - MicroDick：f8
2025-04-02 21:10:44,463 - INFO - MicroDick：h6
2025-04-02 21:10:44,791 - INFO - SlardarX：f26
2025-04-02 21:11:11,864 - INFO - SlardarX：签到
2025-04-02 21:11:11,868 - ERROR - Traceback (most recent call last):
  File "f:\PVZ_stream\PVZRH_BLIVE\receive_msg.py", line 185, in start
    send_danmu(f"{usr}\n你今天已经签到过了嗷！")
  File "f:\PVZ_stream\PVZRH_BLIVE\send_msg.py", line 20, in send_danmu
    'roomid': config.roomid,
AttributeError: module 'config' has no attribute 'roomid'

2025-04-02 21:11:11,870 - ERROR - start_error: module 'config' has no attribute 'roomid'
2025-04-02 21:14:41,126 - ERROR - Traceback (most recent call last):
  File "f:\PVZ_stream\PVZRH_BLIVE\receive_msg.py", line 98, in check_win
    send_danmu(f"{win_road_num}路获得最终胜利！")
  File "f:\PVZ_stream\PVZRH_BLIVE\send_msg.py", line 20, in send_danmu
    'roomid': config.roomid,
AttributeError: module 'config' has no attribute 'roomid'

2025-04-02 21:14:41,127 - ERROR - check_error:module 'config' has no attribute 'roomid'
2025-04-02 21:15:04,180 - INFO - 用户：SlardarX 进入房间
2025-04-02 21:41:15,098 - INFO - 用户：MicroDick 送礼：100
2025-04-02 21:41:15,101 - ERROR - Traceback (most recent call last):
  File "f:\PVZ_stream\PVZRH_BLIVE\receive_msg.py", line 195, in start
    send_danmu(f"{usr}:触发路障僵尸!")
  File "f:\PVZ_stream\PVZRH_BLIVE\send_msg.py", line 20, in send_danmu
    'roomid': config.roomid,
AttributeError: module 'config' has no attribute 'roomid'

2025-04-02 21:41:15,102 - ERROR - start_error: module 'config' has no attribute 'roomid'
2025-04-02 21:42:54,569 - ERROR - Traceback (most recent call last):
  File "c:\Users\10356\AppData\Local\Programs\Python\Python310\lib\site-packages\pymem\__init__.py", line 686, in read_int
    value = pymem.memory.read_int(self.process_handle, address)
  File "c:\Users\10356\AppData\Local\Programs\Python\Python310\lib\site-packages\pymem\memory.py", line 327, in read_int
    return read_ctype(handle, address, ctypes.c_int())
  File "c:\Users\10356\AppData\Local\Programs\Python\Python310\lib\site-packages\pymem\memory.py", line 148, in read_ctype
    raise pymem.exception.WinAPIError(error_code)
pymem.exception.WinAPIError: Windows api error, error_code: 299

During handling of the above exception, another exception occurred:

Traceback (most recent call last):
  File "F:\PVZ_stream\PVZRH_BLIVE\receive_msg.py", line 96, in check_win
    win_road_num = pvzcheat.get_win_road()
  File "F:\PVZ_stream\PVZRH_BLIVE\cheat_game.py", line 176, in get_win_road
    status = self.pm.read_int(self.is_win_address)
  File "c:\Users\10356\AppData\Local\Programs\Python\Python310\lib\site-packages\pymem\__init__.py", line 688, in read_int
    raise pymem.exception.MemoryReadError(address, struct.calcsize('i'), e.error_code)
pymem.exception.MemoryReadError: Could not read memory at: 140703456299040, length: 4 - GetLastError: 299

2025-04-02 21:42:54,572 - ERROR - check_error:Could not read memory at: 140703456299040, length: 4 - GetLastError: 299
2025-04-02 21:44:47,721 - INFO - 用户：MicroDick 送礼：100
2025-04-02 21:47:53,559 - INFO - 用户：MicroDick 送礼：100
2025-04-02 21:52:43,371 - ERROR - Traceback (most recent call last):
  File "c:\Users\10356\AppData\Local\Programs\Python\Python310\lib\site-packages\pymem\__init__.py", line 686, in read_int
    value = pymem.memory.read_int(self.process_handle, address)
  File "c:\Users\10356\AppData\Local\Programs\Python\Python310\lib\site-packages\pymem\memory.py", line 327, in read_int
    return read_ctype(handle, address, ctypes.c_int())
  File "c:\Users\10356\AppData\Local\Programs\Python\Python310\lib\site-packages\pymem\memory.py", line 148, in read_ctype
    raise pymem.exception.WinAPIError(error_code)
pymem.exception.WinAPIError: Windows api error, error_code: 299

During handling of the above exception, another exception occurred:

Traceback (most recent call last):
  File "F:\PVZ_stream\PVZRH_BLIVE\receive_msg.py", line 96, in check_win
    win_road_num = pvzcheat.get_win_road()
  File "F:\PVZ_stream\PVZRH_BLIVE\cheat_game.py", line 176, in get_win_road
    status = self.pm.read_int(self.is_win_address)
  File "c:\Users\10356\AppData\Local\Programs\Python\Python310\lib\site-packages\pymem\__init__.py", line 688, in read_int
    raise pymem.exception.MemoryReadError(address, struct.calcsize('i'), e.error_code)
pymem.exception.MemoryReadError: Could not read memory at: 140703456430112, length: 4 - GetLastError: 299

2025-04-02 21:52:43,373 - ERROR - check_error:Could not read memory at: 140703456430112, length: 4 - GetLastError: 299
2025-04-09 10:28:38,410 - ERROR - Traceback (most recent call last):
  File "D:\anaconda3\envs\blive\lib\site-packages\pymem\__init__.py", line 686, in read_int
    value = pymem.memory.read_int(self.process_handle, address)
  File "D:\anaconda3\envs\blive\lib\site-packages\pymem\memory.py", line 327, in read_int
    return read_ctype(handle, address, ctypes.c_int())
  File "D:\anaconda3\envs\blive\lib\site-packages\pymem\memory.py", line 148, in read_ctype
    raise pymem.exception.WinAPIError(error_code)
pymem.exception.WinAPIError: Windows api error, error_code: 299

During handling of the above exception, another exception occurred:

Traceback (most recent call last):
  File "f:\PVZ\My_Stream_Project\receive_msg.py", line 96, in check_win
    win_road_num = pvzcheat.get_win_road()
  File "f:\PVZ\My_Stream_Project\cheat_game.py", line 176, in get_win_road
    status = self.pm.read_int(self.is_win_address)
  File "D:\anaconda3\envs\blive\lib\site-packages\pymem\__init__.py", line 688, in read_int
    raise pymem.exception.MemoryReadError(address, struct.calcsize('i'), e.error_code)
pymem.exception.MemoryReadError: Could not read memory at: 140720654452768, length: 4 - GetLastError: 299

2025-04-09 10:28:38,412 - ERROR - check_error:Could not read memory at: 140720654452768, length: 4 - GetLastError: 299
2025-04-09 11:03:04,156 - INFO - 用户：MicroDick 进入房间
2025-04-09 11:03:17,934 - INFO - MicroDick：入座3路
2025-04-09 11:03:25,409 - INFO - MicroDick：a21
2025-04-09 11:03:32,135 - INFO - MicroDick：签到
2025-04-09 11:03:32,795 - INFO - SlardarX：MicroDick成功签到！获取100
2025-04-09 11:03:34,004 - INFO - SlardarX：0阳光
2025-04-09 11:03:42,136 - INFO - MicroDick：a21
2025-04-09 11:03:49,285 - INFO - MicroDick：b21
2025-04-09 11:04:18,897 - INFO - MicroDick：签到
2025-04-09 11:04:19,340 - INFO - SlardarX：MicroDick你今天已经签到过了嗷
2025-04-09 11:04:20,444 - INFO - SlardarX：！
2025-04-09 16:14:34,455 - INFO - MicroDick：入座3路
2025-04-09 16:14:39,632 - INFO - MicroDick：冲冲冲
2025-04-09 16:14:40,169 - INFO - SlardarX：触发普通僵尸
2025-04-09 16:14:49,635 - INFO - MicroDick：小花花
2025-04-09 16:14:49,963 - INFO - SlardarX：MicroDick:触发普通僵尸!
2025-04-09 16:15:03,619 - INFO - 用户：MicroDick 送礼：100
2025-04-09 16:15:04,056 - INFO - SlardarX：MicroDick:触发普通僵尸!
2025-04-09 16:16:46,596 - INFO - 用户：MicroDick 进入房间
2025-04-09 16:16:52,101 - INFO - MicroDick：入座3路
2025-04-09 16:16:55,938 - INFO - MicroDick：冲冲冲
2025-04-09 16:16:56,269 - INFO - SlardarX：触发普通僵尸
2025-04-09 16:17:05,404 - INFO - MicroDick：小花花
2025-04-09 16:17:05,890 - INFO - SlardarX：MicroDick:触发普通僵尸!
2025-04-09 16:18:52,076 - INFO - MicroDick：入座3路
2025-04-09 16:18:58,346 - INFO - MicroDick：路障僵尸
2025-04-09 16:18:58,893 - INFO - SlardarX：MicroDick:触发路障僵尸!
2025-04-09 16:22:23,259 - INFO - MicroDick：入座3路
2025-04-09 16:22:28,992 - INFO - MicroDick：小花花
2025-04-09 16:22:35,818 - INFO - 用户：MicroDick 送礼：100
2025-04-09 16:22:36,257 - INFO - SlardarX：MicroDick:触发普通僵尸!
2025-04-09 16:44:21,570 - INFO - MicroDick：入座3路
2025-04-09 16:44:24,994 - INFO - MicroDick：小花花
2025-04-09 16:44:25,440 - INFO - SlardarX：MicroDick:触发普通僵尸!
2025-04-09 17:02:38,762 - INFO - 用户：MicroDick 进入房间
2025-04-09 17:02:44,261 - INFO - MicroDick：入座5路
2025-04-09 17:03:15,405 - INFO - MicroDick：药葫芦
2025-04-09 17:03:15,844 - INFO - SlardarX：MicroDick:触发路障僵尸!
2025-04-09 17:03:32,788 - INFO - MicroDick：牛哇牛哇
2025-04-09 17:03:33,225 - INFO - SlardarX：MicroDick:触发橄榄球僵尸!
2025-04-09 17:03:47,917 - INFO - MicroDick：人气票
2025-04-09 17:03:48,355 - INFO - SlardarX：MicroDick:触发撑杆僵尸!
